Release 14.5 - xst P.58f (nt64)
Copyright (c) 1995-2012 Xilinx, Inc.  All rights reserved.
--> Parameter TMPDIR set to xst/projnav.tmp


Total REAL time to Xst completion: 0.00 secs
Total CPU time to Xst completion: 0.07 secs
 
--> Parameter xsthdpdir set to xst


Total REAL time to Xst completion: 0.00 secs
Total CPU time to Xst completion: 0.07 secs
 
--> Reading design: datapath.prj

TABLE OF CONTENTS
  1) Synthesis Options Summary
  2) HDL Parsing
  3) HDL Elaboration
  4) HDL Synthesis
       4.1) HDL Synthesis Report
  5) Advanced HDL Synthesis
       5.1) Advanced HDL Synthesis Report
  6) Low Level Synthesis
  7) Partition Report
  8) Design Summary
       8.1) Primitive and Black Box Usage
       8.2) Device utilization summary
       8.3) Partition Resource Summary
       8.4) Timing Report
            8.4.1) Clock Information
            8.4.2) Asynchronous Control Signals Information
            8.4.3) Timing Summary
            8.4.4) Timing Details
            8.4.5) Cross Clock Domains Report


=========================================================================
*                      Synthesis Options Summary                        *
=========================================================================
---- Source Parameters
Input File Name                    : "datapath.prj"
Ignore Synthesis Constraint File   : NO

---- Target Parameters
Output File Name                   : "datapath"
Output Format                      : NGC
Target Device                      : xc6slx16-3-csg324

---- Source Options
Top Module Name                    : datapath
Automatic FSM Extraction           : YES
FSM Encoding Algorithm             : Auto
Safe Implementation                : No
FSM Style                          : LUT
RAM Extraction                     : Yes
RAM Style                          : Auto
ROM Extraction                     : Yes
Shift Register Extraction          : YES
ROM Style                          : Auto
Resource Sharing                   : YES
Asynchronous To Synchronous        : NO
Shift Register Minimum Size        : 2
Use DSP Block                      : Auto
Automatic Register Balancing       : No

---- Target Options
LUT Combining                      : Auto
Reduce Control Sets                : Auto
Add IO Buffers                     : YES
Global Maximum Fanout              : 100000
Add Generic Clock Buffer(BUFG)     : 16
Register Duplication               : YES
Optimize Instantiated Primitives   : NO
Use Clock Enable                   : Auto
Use Synchronous Set                : Auto
Use Synchronous Reset              : Auto
Pack IO Registers into IOBs        : Auto
Equivalent register Removal        : YES

---- General Options
Optimization Goal                  : Speed
Optimization Effort                : 1
Power Reduction                    : NO
Keep Hierarchy                     : No
Netlist Hierarchy                  : As_Optimized
RTL Output                         : Yes
Global Optimization                : AllClockNets
Read Cores                         : YES
Write Timing Constraints           : NO
Cross Clock Analysis               : NO
Hierarchy Separator                : /
Bus Delimiter                      : <>
Case Specifier                     : Maintain
Slice Utilization Ratio            : 100
BRAM Utilization Ratio             : 100
DSP48 Utilization Ratio            : 100
Auto BRAM Packing                  : NO
Slice Utilization Ratio Delta      : 5

=========================================================================


=========================================================================
*                          HDL Parsing                                  *
=========================================================================
Analyzing Verilog file "C:\Windows\System32\DSD_Project_Testing\mac.v" into library work
Parsing module <mac>.
Analyzing Verilog file "C:\Windows\System32\DSD_Project_Testing\datapath.v" into library work
Parsing module <datapath>.

=========================================================================
*                            HDL Elaboration                            *
=========================================================================
WARNING:HDLCompiler:1016 - "C:\Windows\System32\DSD_Project_Testing\datapath.v" Line 115: Port SOP is not connected to this instance

Elaborating module <datapath>.

Elaborating module <mac>.
WARNING:Xst:2972 - "C:\Windows\System32\DSD_Project_Testing\datapath.v" line 115. All outputs of instance <mac_unit> of block <mac> are unconnected in block <datapath>. Underlying logic will be removed.

=========================================================================
*                           HDL Synthesis                               *
=========================================================================

Synthesizing Unit <datapath>.
    Related source file is "C:\Windows\System32\DSD_Project_Testing\datapath.v".
INFO:Xst:3210 - "C:\Windows\System32\DSD_Project_Testing\datapath.v" line 115: Output port <SOP> of the instance <mac_unit> is unconnected or connected to loadless signal.
WARNING:Xst:653 - Signal <r_ij> is used but never assigned. This sourceless signal will be automatically connected to value GND.
    Found 32-bit register for signal <R_ij>.
    Found 288-bit register for signal <n0101[287:0]>.
    Found 32-bit register for signal <j>.
    Found 32-bit register for signal <i>.
    Found 1-bit register for signal <Result_calculated>.
    Found 32-bit register for signal <index>.
    Found 32-bit adder for signal <j[31]_GND_1_o_add_5_OUT> created at line 92.
    Found 32-bit adder for signal <i[31]_GND_1_o_add_8_OUT> created at line 95.
    Found 32-bit adder for signal <index[31]_GND_1_o_add_41_OUT> created at line 137.
    Found 32-bit comparator greater for signal <GND_1_o_i[31]_LessThan_4_o> created at line 90
    Found 32-bit comparator greater for signal <GND_1_o_j[31]_LessThan_5_o> created at line 91
    Found 32-bit comparator lessequal for signal <GND_1_o_index[31]_LessThan_41_o> created at line 136
    Found 32-bit comparator greater for signal <GND_1_o_index[31]_LessThan_50_o> created at line 155
    Found 32-bit comparator lessequal for signal <n0054> created at line 156
    Found 32-bit comparator lessequal for signal <n0056> created at line 156
    Summary:
	inferred   3 Adder/Subtractor(s).
	inferred 385 D-type flip-flop(s).
	inferred   6 Comparator(s).
	inferred  15 Multiplexer(s).
Unit <datapath> synthesized.

=========================================================================
HDL Synthesis Report

Macro Statistics
# Adders/Subtractors                                   : 3
 32-bit adder                                          : 3
# Registers                                            : 5
 1-bit register                                        : 1
 288-bit register                                      : 1
 32-bit register                                       : 3
# Comparators                                          : 6
 32-bit comparator greater                             : 3
 32-bit comparator lessequal                           : 3
# Multiplexers                                         : 15
 32-bit 2-to-1 multiplexer                             : 15

=========================================================================

=========================================================================
*                       Advanced HDL Synthesis                          *
=========================================================================


Synthesizing (advanced) Unit <datapath>.
The following registers are absorbed into counter <index>: 1 register on signal <index>.
Unit <datapath> synthesized (advanced).

=========================================================================
Advanced HDL Synthesis Report

Macro Statistics
# Adders/Subtractors                                   : 2
 32-bit adder                                          : 2
# Counters                                             : 1
 32-bit up counter                                     : 1
# Registers                                            : 353
 Flip-Flops                                            : 353
# Comparators                                          : 6
 32-bit comparator greater                             : 3
 32-bit comparator lessequal                           : 3
# Multiplexers                                         : 15
 32-bit 2-to-1 multiplexer                             : 15

=========================================================================

=========================================================================
*                         Low Level Synthesis                           *
=========================================================================

Optimizing unit <datapath> ...
WARNING:Xst:1710 - FF/Latch <matrix_res_8_197> (without init value) has a constant value of 0 in block <datapath>. This FF/Latch will be trimmed during the optimization process.
WARNING:Xst:1895 - Due to other FF/Latch trimming, FF/Latch <matrix_res_8_196> (without init value) has a constant value of 0 in block <datapath>. This FF/Latch will be trimmed during the optimization process.
WARNING:Xst:1895 - Due to other FF/Latch trimming, FF/Latch <matrix_res_8_195> (without init value) has a constant value of 0 in block <datapath>. This FF/Latch will be trimmed during the optimization process.
WARNING:Xst:1895 - Due to other FF/Latch trimming, FF/Latch <matrix_res_8_194> (without init value) has a constant value of 0 in block <datapath>. This FF/Latch will be trimmed during the optimization process.
WARNING:Xst:1895 - Due to other FF/Latch trimming, FF/Latch <matrix_res_8_193> (without init value) has a constant value of 0 in block <datapath>. This FF/Latch will be trimmed during the optimization process.
WARNING:Xst:1895 - Due to other FF/Latch trimming, FF/Latch <matrix_res_8_192> (without init value) has a constant value of 0 in block <datapath>. This FF/Latch will be trimmed during the optimization process.
WARNING:Xst:1895 - Due to other FF/Latch trimming, FF/Latch <matrix_res_8_191> (without init value) has a constant value of 0 in block <datapath>. This FF/Latch will be trimmed during the optimization process.
WARNING:Xst:1895 - Due to other FF/Latch trimming, FF/Latch <matrix_res_8_190> (without init value) has a constant value of 0 in block <datapath>. This FF/Latch will be trimmed during the optimization process.
WARNING:Xst:1895 - Due to other FF/Latch trimming, FF/Latch <matrix_res_8_189> (without init value) has a constant value of 0 in block <datapath>. This FF/Latch will be trimmed during the optimization process.
WARNING:Xst:1895 - Due to other FF/Latch trimming, FF/Latch <matrix_res_8_188> (without init value) has a constant value of 0 in block <datapath>. This FF/Latch will be trimmed during the optimization process.
WARNING:Xst:1895 - Due to other FF/Latch trimming, FF/Latch <matrix_res_8_187> (without init value) has a constant value of 0 in block <datapath>. This FF/Latch will be trimmed during the optimization process.
WARNING:Xst:1895 - Due to other FF/Latch trimming, FF/Latch <matrix_res_8_186> (without init value) has a constant value of 0 in block <datapath>. This FF/Latch will be trimmed during the optimization process.
WARNING:Xst:1895 - Due to other FF/Latch trimming, FF/Latch <matrix_res_8_185> (without init value) has a constant value of 0 in block <datapath>. This FF/Latch will be trimmed during the optimization process.
WARNING:Xst:1895 - Due to other FF/Latch trimming, FF/Latch <matrix_res_8_184> (without init value) has a constant value of 0 in block <datapath>. This FF/Latch will be trimmed during the optimization process.
WARNING:Xst:1895 - Due to other FF/Latch trimming, FF/Latch <matrix_res_8_183> (without init value) has a constant value of 0 in block <datapath>. This FF/Latch will be trimmed during the optimization process.
WARNING:Xst:1895 - Due to other FF/Latch trimming, FF/Latch <matrix_res_8_182> (without init value) has a constant value of 0 in block <datapath>. This FF/Latch will be trimmed during the optimization process.
WARNING:Xst:1895 - Due to other FF/Latch trimming, FF/Latch <matrix_res_8_181> (without init value) has a constant value of 0 in block <datapath>. This FF/Latch will be trimmed during the optimization process.
WARNING:Xst:1895 - Due to other FF/Latch trimming, FF/Latch <matrix_res_8_180> (without init value) has a constant value of 0 in block <datapath>. This FF/Latch will be trimmed during the optimization process.
WARNING:Xst:1895 - Due to other FF/Latch trimming, FF/Latch <matrix_res_8_215> (without init value) has a constant value of 0 in block <datapath>. This FF/Latch will be trimmed during the optimization process.
WARNING:Xst:1895 - Due to other FF/Latch trimming, FF/Latch <matrix_res_8_214> (without init value) has a constant value of 0 in block <datapath>. This FF/Latch will be trimmed during the optimization process.
WARNING:Xst:1895 - Due to other FF/Latch trimming, FF/Latch <matrix_res_8_213> (without init value) has a constant value of 0 in block <datapath>. This FF/Latch will be trimmed during the optimization process.
WARNING:Xst:1895 - Due to other FF/Latch trimming, FF/Latch <matrix_res_8_212> (without init value) has a constant value of 0 in block <datapath>. This FF/Latch will be trimmed during the optimization process.
WARNING:Xst:1895 - Due to other FF/Latch trimming, FF/Latch <matrix_res_8_211> (without init value) has a constant value of 0 in block <datapath>. This FF/Latch will be trimmed during the optimization process.
WARNING:Xst:1895 - Due to other FF/Latch trimming, FF/Latch <matrix_res_8_210> (without init value) has a constant value of 0 in block <datapath>. This FF/Latch will be trimmed during the optimization process.
WARNING:Xst:1895 - Due to other FF/Latch trimming, FF/Latch <matrix_res_8_209> (without init value) has a constant value of 0 in block <datapath>. This FF/Latch will be trimmed during the optimization process.
WARNING:Xst:1895 - Due to other FF/Latch trimming, FF/Latch <matrix_res_8_208> (without init value) has a constant value of 0 in block <datapath>. This FF/Latch will be trimmed during the optimization process.
WARNING:Xst:1895 - Due to other FF/Latch trimming, FF/Latch <matrix_res_8_207> (without init value) has a constant value of 0 in block <datapath>. This FF/Latch will be trimmed during the optimization process.
WARNING:Xst:1895 - Due to other FF/Latch trimming, FF/Latch <matrix_res_8_206> (without init value) has a constant value of 0 in block <datapath>. This FF/Latch will be trimmed during the optimization process.
WARNING:Xst:1895 - Due to other FF/Latch trimming, FF/Latch <matrix_res_8_205> (without init value) has a constant value of 0 in block <datapath>. This FF/Latch will be trimmed during the optimization process.
WARNING:Xst:1895 - Due to other FF/Latch trimming, FF/Latch <matrix_res_8_204> (without init value) has a constant value of 0 in block <datapath>. This FF/Latch will be trimmed during the optimization process.
WARNING:Xst:1895 - Due to other FF/Latch trimming, FF/Latch <matrix_res_8_203> (without init value) has a constant value of 0 in block <datapath>. This FF/Latch will be trimmed during the optimization process.
WARNING:Xst:1895 - Due to other FF/Latch trimming, FF/Latch <matrix_res_8_202> (without init value) has a constant value of 0 in block <datapath>. This FF/Latch will be trimmed during the optimization process.
WARNING:Xst:1895 - Due to other FF/Latch trimming, FF/Latch <matrix_res_8_201> (without init value) has a constant value of 0 in block <datapath>. This FF/Latch will be trimmed during the optimization process.
WARNING:Xst:1895 - Due to other FF/Latch trimming, FF/Latch <matrix_res_8_200> (without init value) has a constant value of 0 in block <datapath>. This FF/Latch will be trimmed during the optimization process.
WARNING:Xst:1895 - Due to other FF/Latch trimming, FF/Latch <matrix_res_8_199> (without init value) has a constant value of 0 in block <datapath>. This FF/Latch will be trimmed during the optimization process.
WARNING:Xst:1895 - Due to other FF/Latch trimming, FF/Latch <matrix_res_8_198> (without init value) has a constant value of 0 in block <datapath>. This FF/Latch will be trimmed during the optimization process.
WARNING:Xst:1895 - Due to other FF/Latch trimming, FF/Latch <matrix_res_8_161> (without init value) has a constant value of 0 in block <datapath>. This FF/Latch will be trimmed during the optimization process.
WARNING:Xst:1895 - Due to other FF/Latch trimming, FF/Latch <matrix_res_8_160> (without init value) has a constant value of 0 in block <datapath>. This FF/Latch will be trimmed during the optimization process.
WARNING:Xst:1895 - Due to other FF/Latch trimming, FF/Latch <matrix_res_8_159> (without init value) has a constant value of 0 in block <datapath>. This FF/Latch will be trimmed during the optimization process.
WARNING:Xst:1895 - Due to other FF/Latch trimming, FF/Latch <matrix_res_8_158> (without init value) has a constant value of 0 in block <datapath>. This FF/Latch will be trimmed during the optimization process.
WARNING:Xst:1895 - Due to other FF/Latch trimming, FF/Latch <matrix_res_8_157> (without init value) has a constant value of 0 in block <datapath>. This FF/Latch will be trimmed during the optimization process.
WARNING:Xst:1895 - Due to other FF/Latch trimming, FF/Latch <matrix_res_8_156> (without init value) has a constant value of 0 in block <datapath>. This FF/Latch will be trimmed during the optimization process.
WARNING:Xst:1895 - Due to other FF/Latch trimming, FF/Latch <matrix_res_8_155> (without init value) has a constant value of 0 in block <datapath>. This FF/Latch will be trimmed during the optimization process.
WARNING:Xst:1895 - Due to other FF/Latch trimming, FF/Latch <matrix_res_8_154> (without init value) has a constant value of 0 in block <datapath>. This FF/Latch will be trimmed during the optimization process.
WARNING:Xst:1895 - Due to other FF/Latch trimming, FF/Latch <matrix_res_8_153> (without init value) has a constant value of 0 in block <datapath>. This FF/Latch will be trimmed during the optimization process.
WARNING:Xst:1895 - Due to other FF/Latch trimming, FF/Latch <matrix_res_8_152> (without init value) has a constant value of 0 in block <datapath>. This FF/Latch will be trimmed during the optimization process.
WARNING:Xst:1895 - Due to other FF/Latch trimming, FF/Latch <matrix_res_8_151> (without init value) has a constant value of 0 in block <datapath>. This FF/Latch will be trimmed during the optimization process.
WARNING:Xst:1895 - Due to other FF/Latch trimming, FF/Latch <matrix_res_8_150> (without init value) has a constant value of 0 in block <datapath>. This FF/Latch will be trimmed during the optimization process.
WARNING:Xst:1895 - Due to other FF/Latch trimming, FF/Latch <matrix_res_8_149> (without init value) has a constant value of 0 in block <datapath>. This FF/Latch will be trimmed during the optimization process.
WARNING:Xst:1895 - Due to other FF/Latch trimming, FF/Latch <matrix_res_8_148> (without init value) has a constant value of 0 in block <datapath>. This FF/Latch will be trimmed during the optimization process.
WARNING:Xst:1895 - Due to other FF/Latch trimming, FF/Latch <matrix_res_8_147> (without init value) has a constant value of 0 in block <datapath>. This FF/Latch will be trimmed during the optimization process.
WARNING:Xst:1895 - Due to other FF/Latch trimming, FF/Latch <matrix_res_8_146> (without init value) has a constant value of 0 in block <datapath>. This FF/Latch will be trimmed during the optimization process.
WARNING:Xst:1895 - Due to other FF/Latch trimming, FF/Latch <matrix_res_8_145> (without init value) has a constant value of 0 in block <datapath>. This FF/Latch will be trimmed during the optimization process.
WARNING:Xst:1895 - Due to other FF/Latch trimming, FF/Latch <matrix_res_8_144> (without init value) has a constant value of 0 in block <datapath>. This FF/Latch will be trimmed during the optimization process.
WARNING:Xst:1895 - Due to other FF/Latch trimming, FF/Latch <matrix_res_8_179> (without init value) has a constant value of 0 in block <datapath>. This FF/Latch will be trimmed during the optimization process.
WARNING:Xst:1895 - Due to other FF/Latch trimming, FF/Latch <matrix_res_8_178> (without init value) has a constant value of 0 in block <datapath>. This FF/Latch will be trimmed during the optimization process.
WARNING:Xst:1895 - Due to other FF/Latch trimming, FF/Latch <matrix_res_8_177> (without init value) has a constant value of 0 in block <datapath>. This FF/Latch will be trimmed during the optimization process.
WARNING:Xst:1895 - Due to other FF/Latch trimming, FF/Latch <matrix_res_8_176> (without init value) has a constant value of 0 in block <datapath>. This FF/Latch will be trimmed during the optimization process.
WARNING:Xst:1895 - Due to other FF/Latch trimming, FF/Latch <matrix_res_8_175> (without init value) has a constant value of 0 in block <datapath>. This FF/Latch will be trimmed during the optimization process.
WARNING:Xst:1895 - Due to other FF/Latch trimming, FF/Latch <matrix_res_8_174> (without init value) has a constant value of 0 in block <datapath>. This FF/Latch will be trimmed during the optimization process.
WARNING:Xst:1895 - Due to other FF/Latch trimming, FF/Latch <matrix_res_8_173> (without init value) has a constant value of 0 in block <datapath>. This FF/Latch will be trimmed during the optimization process.
WARNING:Xst:1895 - Due to other FF/Latch trimming, FF/Latch <matrix_res_8_172> (without init value) has a constant value of 0 in block <datapath>. This FF/Latch will be trimmed during the optimization process.
WARNING:Xst:1895 - Due to other FF/Latch trimming, FF/Latch <matrix_res_8_171> (without init value) has a constant value of 0 in block <datapath>. This FF/Latch will be trimmed during the optimization process.
WARNING:Xst:1895 - Due to other FF/Latch trimming, FF/Latch <matrix_res_8_170> (without init value) has a constant value of 0 in block <datapath>. This FF/Latch will be trimmed during the optimization process.
WARNING:Xst:1895 - Due to other FF/Latch trimming, FF/Latch <matrix_res_8_169> (without init value) has a constant value of 0 in block <datapath>. This FF/Latch will be trimmed during the optimization process.
WARNING:Xst:1895 - Due to other FF/Latch trimming, FF/Latch <matrix_res_8_168> (without init value) has a constant value of 0 in block <datapath>. This FF/Latch will be trimmed during the optimization process.
WARNING:Xst:1895 - Due to other FF/Latch trimming, FF/Latch <matrix_res_8_167> (without init value) has a constant value of 0 in block <datapath>. This FF/Latch will be trimmed during the optimization process.
WARNING:Xst:1895 - Due to other FF/Latch trimming, FF/Latch <matrix_res_8_166> (without init value) has a constant value of 0 in block <datapath>. This FF/Latch will be trimmed during the optimization process.
WARNING:Xst:1895 - Due to other FF/Latch trimming, FF/Latch <matrix_res_8_165> (without init value) has a constant value of 0 in block <datapath>. This FF/Latch will be trimmed during the optimization process.
WARNING:Xst:1895 - Due to other FF/Latch trimming, FF/Latch <matrix_res_8_164> (without init value) has a constant value of 0 in block <datapath>. This FF/Latch will be trimmed during the optimization process.
WARNING:Xst:1895 - Due to other FF/Latch trimming, FF/Latch <matrix_res_8_163> (without init value) has a constant value of 0 in block <datapath>. This FF/Latch will be trimmed during the optimization process.
WARNING:Xst:1895 - Due to other FF/Latch trimming, FF/Latch <matrix_res_8_162> (without init value) has a constant value of 0 in block <datapath>. This FF/Latch will be trimmed during the optimization process.
WARNING:Xst:1895 - Due to other FF/Latch trimming, FF/Latch <matrix_res_8_269> (without init value) has a constant value of 0 in block <datapath>. This FF/Latch will be trimmed during the optimization process.
WARNING:Xst:1895 - Due to other FF/Latch trimming, FF/Latch <matrix_res_8_268> (without init value) has a constant value of 0 in block <datapath>. This FF/Latch will be trimmed during the optimization process.
WARNING:Xst:1895 - Due to other FF/Latch trimming, FF/Latch <matrix_res_8_267> (without init value) has a constant value of 0 in block <datapath>. This FF/Latch will be trimmed during the optimization process.
WARNING:Xst:1895 - Due to other FF/Latch trimming, FF/Latch <matrix_res_8_266> (without init value) has a constant value of 0 in block <datapath>. This FF/Latch will be trimmed during the optimization process.
WARNING:Xst:1895 - Due to other FF/Latch trimming, FF/Latch <matrix_res_8_265> (without init value) has a constant value of 0 in block <datapath>. This FF/Latch will be trimmed during the optimization process.
WARNING:Xst:1895 - Due to other FF/Latch trimming, FF/Latch <matrix_res_8_264> (without init value) has a constant value of 0 in block <datapath>. This FF/Latch will be trimmed during the optimization process.
WARNING:Xst:1895 - Due to other FF/Latch trimming, FF/Latch <matrix_res_8_263> (without init value) has a constant value of 0 in block <datapath>. This FF/Latch will be trimmed during the optimization process.
WARNING:Xst:1895 - Due to other FF/Latch trimming, FF/Latch <matrix_res_8_262> (without init value) has a constant value of 0 in block <datapath>. This FF/Latch will be trimmed during the optimization process.
WARNING:Xst:1895 - Due to other FF/Latch trimming, FF/Latch <matrix_res_8_261> (without init value) has a constant value of 0 in block <datapath>. This FF/Latch will be trimmed during the optimization process.
WARNING:Xst:1895 - Due to other FF/Latch trimming, FF/Latch <matrix_res_8_260> (without init value) has a constant value of 0 in block <datapath>. This FF/Latch will be trimmed during the optimization process.
WARNING:Xst:1895 - Due to other FF/Latch trimming, FF/Latch <matrix_res_8_259> (without init value) has a constant value of 0 in block <datapath>. This FF/Latch will be trimmed during the optimization process.
WARNING:Xst:1895 - Due to other FF/Latch trimming, FF/Latch <matrix_res_8_258> (without init value) has a constant value of 0 in block <datapath>. This FF/Latch will be trimmed during the optimization process.
WARNING:Xst:1895 - Due to other FF/Latch trimming, FF/Latch <matrix_res_8_257> (without init value) has a constant value of 0 in block <datapath>. This FF/Latch will be trimmed during the optimization process.
WARNING:Xst:1895 - Due to other FF/Latch trimming, FF/Latch <matrix_res_8_256> (without init value) has a constant value of 0 in block <datapath>. This FF/Latch will be trimmed during the optimization process.
WARNING:Xst:1895 - Due to other FF/Latch trimming, FF/Latch <matrix_res_8_255> (without init value) has a constant value of 0 in block <datapath>. This FF/Latch will be trimmed during the optimization process.
WARNING:Xst:1895 - Due to other FF/Latch trimming, FF/Latch <matrix_res_8_254> (without init value) has a constant value of 0 in block <datapath>. This FF/Latch will be trimmed during the optimization process.
WARNING:Xst:1895 - Due to other FF/Latch trimming, FF/Latch <matrix_res_8_253> (without init value) has a constant value of 0 in block <datapath>. This FF/Latch will be trimmed during the optimization process.
WARNING:Xst:1895 - Due to other FF/Latch trimming, FF/Latch <matrix_res_8_252> (without init value) has a constant value of 0 in block <datapath>. This FF/Latch will be trimmed during the optimization process.
WARNING:Xst:1895 - Due to other FF/Latch trimming, FF/Latch <matrix_res_8_287> (without init value) has a constant value of 0 in block <datapath>. This FF/Latch will be trimmed during the optimization process.
WARNING:Xst:1895 - Due to other FF/Latch trimming, FF/Latch <matrix_res_8_286> (without init value) has a constant value of 0 in block <datapath>. This FF/Latch will be trimmed during the optimization process.
WARNING:Xst:1895 - Due to other FF/Latch trimming, FF/Latch <matrix_res_8_285> (without init value) has a constant value of 0 in block <datapath>. This FF/Latch will be trimmed during the optimization process.
WARNING:Xst:1895 - Due to other FF/Latch trimming, FF/Latch <matrix_res_8_284> (without init value) has a constant value of 0 in block <datapath>. This FF/Latch will be trimmed during the optimization process.
WARNING:Xst:1895 - Due to other FF/Latch trimming, FF/Latch <matrix_res_8_283> (without init value) has a constant value of 0 in block <datapath>. This FF/Latch will be trimmed during the optimization process.
WARNING:Xst:1895 - Due to other FF/Latch trimming, FF/Latch <matrix_res_8_282> (without init value) has a constant value of 0 in block <datapath>. This FF/Latch will be trimmed during the optimization process.
WARNING:Xst:1895 - Due to other FF/Latch trimming, FF/Latch <matrix_res_8_281> (without init value) has a constant value of 0 in block <datapath>. This FF/Latch will be trimmed during the optimization process.
WARNING:Xst:1895 - Due to other FF/Latch trimming, FF/Latch <matrix_res_8_280> (without init value) has a constant value of 0 in block <datapath>. This FF/Latch will be trimmed during the optimization process.
WARNING:Xst:1895 - Due to other FF/Latch trimming, FF/Latch <matrix_res_8_279> (without init value) has a constant value of 0 in block <datapath>. This FF/Latch will be trimmed during the optimization process.
WARNING:Xst:1895 - Due to other FF/Latch trimming, FF/Latch <matrix_res_8_278> (without init value) has a constant value of 0 in block <datapath>. This FF/Latch will be trimmed during the optimization process.
WARNING:Xst:1895 - Due to other FF/Latch trimming, FF/Latch <matrix_res_8_277> (without init value) has a constant value of 0 in block <datapath>. This FF/Latch will be trimmed during the optimization process.
WARNING:Xst:1895 - Due to other FF/Latch trimming, FF/Latch <matrix_res_8_276> (without init value) has a constant value of 0 in block <datapath>. This FF/Latch will be trimmed during the optimization process.
WARNING:Xst:1895 - Due to other FF/Latch trimming, FF/Latch <matrix_res_8_275> (without init value) has a constant value of 0 in block <datapath>. This FF/Latch will be trimmed during the optimization process.
WARNING:Xst:1895 - Due to other FF/Latch trimming, FF/Latch <matrix_res_8_274> (without init value) has a constant value of 0 in block <datapath>. This FF/Latch will be trimmed during the optimization process.
WARNING:Xst:1895 - Due to other FF/Latch trimming, FF/Latch <matrix_res_8_273> (without init value) has a constant value of 0 in block <datapath>. This FF/Latch will be trimmed during the optimization process.
WARNING:Xst:1895 - Due to other FF/Latch trimming, FF/Latch <matrix_res_8_272> (without init value) has a constant value of 0 in block <datapath>. This FF/Latch will be trimmed during the optimization process.
WARNING:Xst:1895 - Due to other FF/Latch trimming, FF/Latch <matrix_res_8_271> (without init value) has a constant value of 0 in block <datapath>. This FF/Latch will be trimmed during the optimization process.
WARNING:Xst:1895 - Due to other FF/Latch trimming, FF/Latch <matrix_res_8_270> (without init value) has a constant value of 0 in block <datapath>. This FF/Latch will be trimmed during the optimization process.
WARNING:Xst:1895 - Due to other FF/Latch trimming, FF/Latch <matrix_res_8_233> (without init value) has a constant value of 0 in block <datapath>. This FF/Latch will be trimmed during the optimization process.
WARNING:Xst:1895 - Due to other FF/Latch trimming, FF/Latch <matrix_res_8_232> (without init value) has a constant value of 0 in block <datapath>. This FF/Latch will be trimmed during the optimization process.
WARNING:Xst:1895 - Due to other FF/Latch trimming, FF/Latch <matrix_res_8_231> (without init value) has a constant value of 0 in block <datapath>. This FF/Latch will be trimmed during the optimization process.
WARNING:Xst:1895 - Due to other FF/Latch trimming, FF/Latch <matrix_res_8_230> (without init value) has a constant value of 0 in block <datapath>. This FF/Latch will be trimmed during the optimization process.
WARNING:Xst:1895 - Due to other FF/Latch trimming, FF/Latch <matrix_res_8_229> (without init value) has a constant value of 0 in block <datapath>. This FF/Latch will be trimmed during the optimization process.
WARNING:Xst:1895 - Due to other FF/Latch trimming, FF/Latch <matrix_res_8_228> (without init value) has a constant value of 0 in block <datapath>. This FF/Latch will be trimmed during the optimization process.
WARNING:Xst:1895 - Due to other FF/Latch trimming, FF/Latch <matrix_res_8_227> (without init value) has a constant value of 0 in block <datapath>. This FF/Latch will be trimmed during the optimization process.
WARNING:Xst:1895 - Due to other FF/Latch trimming, FF/Latch <matrix_res_8_226> (without init value) has a constant value of 0 in block <datapath>. This FF/Latch will be trimmed during the optimization process.
WARNING:Xst:1895 - Due to other FF/Latch trimming, FF/Latch <matrix_res_8_225> (without init value) has a constant value of 0 in block <datapath>. This FF/Latch will be trimmed during the optimization process.
WARNING:Xst:1895 - Due to other FF/Latch trimming, FF/Latch <matrix_res_8_224> (without init value) has a constant value of 0 in block <datapath>. This FF/Latch will be trimmed during the optimization process.
WARNING:Xst:1895 - Due to other FF/Latch trimming, FF/Latch <matrix_res_8_223> (without init value) has a constant value of 0 in block <datapath>. This FF/Latch will be trimmed during the optimization process.
WARNING:Xst:1895 - Due to other FF/Latch trimming, FF/Latch <matrix_res_8_222> (without init value) has a constant value of 0 in block <datapath>. This FF/Latch will be trimmed during the optimization process.
WARNING:Xst:1895 - Due to other FF/Latch trimming, FF/Latch <matrix_res_8_221> (without init value) has a constant value of 0 in block <datapath>. This FF/Latch will be trimmed during the optimization process.
WARNING:Xst:1895 - Due to other FF/Latch trimming, FF/Latch <matrix_res_8_220> (without init value) has a constant value of 0 in block <datapath>. This FF/Latch will be trimmed during the optimization process.
WARNING:Xst:1895 - Due to other FF/Latch trimming, FF/Latch <matrix_res_8_219> (without init value) has a constant value of 0 in block <datapath>. This FF/Latch will be trimmed during the optimization process.
WARNING:Xst:1895 - Due to other FF/Latch trimming, FF/Latch <matrix_res_8_218> (without init value) has a constant value of 0 in block <datapath>. This FF/Latch will be trimmed during the optimization process.
WARNING:Xst:1895 - Due to other FF/Latch trimming, FF/Latch <matrix_res_8_217> (without init value) has a constant value of 0 in block <datapath>. This FF/Latch will be trimmed during the optimization process.
WARNING:Xst:1895 - Due to other FF/Latch trimming, FF/Latch <matrix_res_8_216> (without init value) has a constant value of 0 in block <datapath>. This FF/Latch will be trimmed during the optimization process.
WARNING:Xst:1895 - Due to other FF/Latch trimming, FF/Latch <matrix_res_8_251> (without init value) has a constant value of 0 in block <datapath>. This FF/Latch will be trimmed during the optimization process.
WARNING:Xst:1895 - Due to other FF/Latch trimming, FF/Latch <matrix_res_8_250> (without init value) has a constant value of 0 in block <datapath>. This FF/Latch will be trimmed during the optimization process.
WARNING:Xst:1895 - Due to other FF/Latch trimming, FF/Latch <matrix_res_8_249> (without init value) has a constant value of 0 in block <datapath>. This FF/Latch will be trimmed during the optimization process.
WARNING:Xst:1895 - Due to other FF/Latch trimming, FF/Latch <matrix_res_8_248> (without init value) has a constant value of 0 in block <datapath>. This FF/Latch will be trimmed during the optimization process.
WARNING:Xst:1895 - Due to other FF/Latch trimming, FF/Latch <matrix_res_8_247> (without init value) has a constant value of 0 in block <datapath>. This FF/Latch will be trimmed during the optimization process.
WARNING:Xst:1895 - Due to other FF/Latch trimming, FF/Latch <matrix_res_8_246> (without init value) has a constant value of 0 in block <datapath>. This FF/Latch will be trimmed during the optimization process.
WARNING:Xst:1895 - Due to other FF/Latch trimming, FF/Latch <matrix_res_8_245> (without init value) has a constant value of 0 in block <datapath>. This FF/Latch will be trimmed during the optimization process.
WARNING:Xst:1895 - Due to other FF/Latch trimming, FF/Latch <matrix_res_8_244> (without init value) has a constant value of 0 in block <datapath>. This FF/Latch will be trimmed during the optimization process.
WARNING:Xst:1895 - Due to other FF/Latch trimming, FF/Latch <matrix_res_8_243> (without init value) has a constant value of 0 in block <datapath>. This FF/Latch will be trimmed during the optimization process.
WARNING:Xst:1895 - Due to other FF/Latch trimming, FF/Latch <matrix_res_8_242> (without init value) has a constant value of 0 in block <datapath>. This FF/Latch will be trimmed during the optimization process.
WARNING:Xst:1895 - Due to other FF/Latch trimming, FF/Latch <matrix_res_8_241> (without init value) has a constant value of 0 in block <datapath>. This FF/Latch will be trimmed during the optimization process.
WARNING:Xst:1895 - Due to other FF/Latch trimming, FF/Latch <matrix_res_8_240> (without init value) has a constant value of 0 in block <datapath>. This FF/Latch will be trimmed during the optimization process.
WARNING:Xst:1895 - Due to other FF/Latch trimming, FF/Latch <matrix_res_8_239> (without init value) has a constant value of 0 in block <datapath>. This FF/Latch will be trimmed during the optimization process.
WARNING:Xst:1895 - Due to other FF/Latch trimming, FF/Latch <matrix_res_8_238> (without init value) has a constant value of 0 in block <datapath>. This FF/Latch will be trimmed during the optimization process.
WARNING:Xst:1895 - Due to other FF/Latch trimming, FF/Latch <matrix_res_8_237> (without init value) has a constant value of 0 in block <datapath>. This FF/Latch will be trimmed during the optimization process.
WARNING:Xst:1895 - Due to other FF/Latch trimming, FF/Latch <matrix_res_8_236> (without init value) has a constant value of 0 in block <datapath>. This FF/Latch will be trimmed during the optimization process.
WARNING:Xst:1895 - Due to other FF/Latch trimming, FF/Latch <matrix_res_8_235> (without init value) has a constant value of 0 in block <datapath>. This FF/Latch will be trimmed during the optimization process.
WARNING:Xst:1895 - Due to other FF/Latch trimming, FF/Latch <matrix_res_8_234> (without init value) has a constant value of 0 in block <datapath>. This FF/Latch will be trimmed during the optimization process.
WARNING:Xst:1895 - Due to other FF/Latch trimming, FF/Latch <matrix_res_8_53> (without init value) has a constant value of 0 in block <datapath>. This FF/Latch will be trimmed during the optimization process.
WARNING:Xst:1895 - Due to other FF/Latch trimming, FF/Latch <matrix_res_8_52> (without init value) has a constant value of 0 in block <datapath>. This FF/Latch will be trimmed during the optimization process.
WARNING:Xst:1895 - Due to other FF/Latch trimming, FF/Latch <matrix_res_8_51> (without init value) has a constant value of 0 in block <datapath>. This FF/Latch will be trimmed during the optimization process.
WARNING:Xst:1895 - Due to other FF/Latch trimming, FF/Latch <matrix_res_8_50> (without init value) has a constant value of 0 in block <datapath>. This FF/Latch will be trimmed during the optimization process.
WARNING:Xst:1895 - Due to other FF/Latch trimming, FF/Latch <matrix_res_8_49> (without init value) has a constant value of 0 in block <datapath>. This FF/Latch will be trimmed during the optimization process.
WARNING:Xst:1895 - Due to other FF/Latch trimming, FF/Latch <matrix_res_8_48> (without init value) has a constant value of 0 in block <datapath>. This FF/Latch will be trimmed during the optimization process.
WARNING:Xst:1895 - Due to other FF/Latch trimming, FF/Latch <matrix_res_8_47> (without init value) has a constant value of 0 in block <datapath>. This FF/Latch will be trimmed during the optimization process.
WARNING:Xst:1895 - Due to other FF/Latch trimming, FF/Latch <matrix_res_8_46> (without init value) has a constant value of 0 in block <datapath>. This FF/Latch will be trimmed during the optimization process.
WARNING:Xst:1895 - Due to other FF/Latch trimming, FF/Latch <matrix_res_8_45> (without init value) has a constant value of 0 in block <datapath>. This FF/Latch will be trimmed during the optimization process.
WARNING:Xst:1895 - Due to other FF/Latch trimming, FF/Latch <matrix_res_8_44> (without init value) has a constant value of 0 in block <datapath>. This FF/Latch will be trimmed during the optimization process.
WARNING:Xst:1895 - Due to other FF/Latch trimming, FF/Latch <matrix_res_8_43> (without init value) has a constant value of 0 in block <datapath>. This FF/Latch will be trimmed during the optimization process.
WARNING:Xst:1895 - Due to other FF/Latch trimming, FF/Latch <matrix_res_8_42> (without init value) has a constant value of 0 in block <datapath>. This FF/Latch will be trimmed during the optimization process.
WARNING:Xst:1895 - Due to other FF/Latch trimming, FF/Latch <matrix_res_8_41> (without init value) has a constant value of 0 in block <datapath>. This FF/Latch will be trimmed during the optimization process.
WARNING:Xst:1895 - Due to other FF/Latch trimming, FF/Latch <matrix_res_8_40> (without init value) has a constant value of 0 in block <datapath>. This FF/Latch will be trimmed during the optimization process.
WARNING:Xst:1895 - Due to other FF/Latch trimming, FF/Latch <matrix_res_8_39> (without init value) has a constant value of 0 in block <datapath>. This FF/Latch will be trimmed during the optimization process.
WARNING:Xst:1895 - Due to other FF/Latch trimming, FF/Latch <matrix_res_8_38> (without init value) has a constant value of 0 in block <datapath>. This FF/Latch will be trimmed during the optimization process.
WARNING:Xst:1895 - Due to other FF/Latch trimming, FF/Latch <matrix_res_8_37> (without init value) has a constant value of 0 in block <datapath>. This FF/Latch will be trimmed during the optimization process.
WARNING:Xst:1895 - Due to other FF/Latch trimming, FF/Latch <matrix_res_8_36> (without init value) has a constant value of 0 in block <datapath>. This FF/Latch will be trimmed during the optimization process.
WARNING:Xst:1895 - Due to other FF/Latch trimming, FF/Latch <matrix_res_8_71> (without init value) has a constant value of 0 in block <datapath>. This FF/Latch will be trimmed during the optimization process.
WARNING:Xst:1895 - Due to other FF/Latch trimming, FF/Latch <matrix_res_8_70> (without init value) has a constant value of 0 in block <datapath>. This FF/Latch will be trimmed during the optimization process.
WARNING:Xst:1895 - Due to other FF/Latch trimming, FF/Latch <matrix_res_8_69> (without init value) has a constant value of 0 in block <datapath>. This FF/Latch will be trimmed during the optimization process.
WARNING:Xst:1895 - Due to other FF/Latch trimming, FF/Latch <matrix_res_8_68> (without init value) has a constant value of 0 in block <datapath>. This FF/Latch will be trimmed during the optimization process.
WARNING:Xst:1895 - Due to other FF/Latch trimming, FF/Latch <matrix_res_8_67> (without init value) has a constant value of 0 in block <datapath>. This FF/Latch will be trimmed during the optimization process.
WARNING:Xst:1895 - Due to other FF/Latch trimming, FF/Latch <matrix_res_8_66> (without init value) has a constant value of 0 in block <datapath>. This FF/Latch will be trimmed during the optimization process.
WARNING:Xst:1895 - Due to other FF/Latch trimming, FF/Latch <matrix_res_8_65> (without init value) has a constant value of 0 in block <datapath>. This FF/Latch will be trimmed during the optimization process.
WARNING:Xst:1895 - Due to other FF/Latch trimming, FF/Latch <matrix_res_8_64> (without init value) has a constant value of 0 in block <datapath>. This FF/Latch will be trimmed during the optimization process.
WARNING:Xst:1895 - Due to other FF/Latch trimming, FF/Latch <matrix_res_8_63> (without init value) has a constant value of 0 in block <datapath>. This FF/Latch will be trimmed during the optimization process.
WARNING:Xst:1895 - Due to other FF/Latch trimming, FF/Latch <matrix_res_8_62> (without init value) has a constant value of 0 in block <datapath>. This FF/Latch will be trimmed during the optimization process.
WARNING:Xst:1895 - Due to other FF/Latch trimming, FF/Latch <matrix_res_8_61> (without init value) has a constant value of 0 in block <datapath>. This FF/Latch will be trimmed during the optimization process.
WARNING:Xst:1895 - Due to other FF/Latch trimming, FF/Latch <matrix_res_8_60> (without init value) has a constant value of 0 in block <datapath>. This FF/Latch will be trimmed during the optimization process.
WARNING:Xst:1895 - Due to other FF/Latch trimming, FF/Latch <matrix_res_8_59> (without init value) has a constant value of 0 in block <datapath>. This FF/Latch will be trimmed during the optimization process.
WARNING:Xst:1895 - Due to other FF/Latch trimming, FF/Latch <matrix_res_8_58> (without init value) has a constant value of 0 in block <datapath>. This FF/Latch will be trimmed during the optimization process.
WARNING:Xst:1895 - Due to other FF/Latch trimming, FF/Latch <matrix_res_8_57> (without init value) has a constant value of 0 in block <datapath>. This FF/Latch will be trimmed during the optimization process.
WARNING:Xst:1895 - Due to other FF/Latch trimming, FF/Latch <matrix_res_8_56> (without init value) has a constant value of 0 in block <datapath>. This FF/Latch will be trimmed during the optimization process.
WARNING:Xst:1895 - Due to other FF/Latch trimming, FF/Latch <matrix_res_8_55> (without init value) has a constant value of 0 in block <datapath>. This FF/Latch will be trimmed during the optimization process.
WARNING:Xst:1895 - Due to other FF/Latch trimming, FF/Latch <matrix_res_8_54> (without init value) has a constant value of 0 in block <datapath>. This FF/Latch will be trimmed during the optimization process.
WARNING:Xst:1895 - Due to other FF/Latch trimming, FF/Latch <matrix_res_8_17> (without init value) has a constant value of 0 in block <datapath>. This FF/Latch will be trimmed during the optimization process.
WARNING:Xst:1895 - Due to other FF/Latch trimming, FF/Latch <matrix_res_8_16> (without init value) has a constant value of 0 in block <datapath>. This FF/Latch will be trimmed during the optimization process.
WARNING:Xst:1895 - Due to other FF/Latch trimming, FF/Latch <matrix_res_8_15> (without init value) has a constant value of 0 in block <datapath>. This FF/Latch will be trimmed during the optimization process.
WARNING:Xst:1895 - Due to other FF/Latch trimming, FF/Latch <matrix_res_8_14> (without init value) has a constant value of 0 in block <datapath>. This FF/Latch will be trimmed during the optimization process.
WARNING:Xst:1895 - Due to other FF/Latch trimming, FF/Latch <matrix_res_8_13> (without init value) has a constant value of 0 in block <datapath>. This FF/Latch will be trimmed during the optimization process.
WARNING:Xst:1895 - Due to other FF/Latch trimming, FF/Latch <matrix_res_8_12> (without init value) has a constant value of 0 in block <datapath>. This FF/Latch will be trimmed during the optimization process.
WARNING:Xst:1895 - Due to other FF/Latch trimming, FF/Latch <matrix_res_8_11> (without init value) has a constant value of 0 in block <datapath>. This FF/Latch will be trimmed during the optimization process.
WARNING:Xst:1895 - Due to other FF/Latch trimming, FF/Latch <matrix_res_8_10> (without init value) has a constant value of 0 in block <datapath>. This FF/Latch will be trimmed during the optimization process.
WARNING:Xst:1895 - Due to other FF/Latch trimming, FF/Latch <matrix_res_8_9> (without init value) has a constant value of 0 in block <datapath>. This FF/Latch will be trimmed during the optimization process.
WARNING:Xst:1895 - Due to other FF/Latch trimming, FF/Latch <matrix_res_8_8> (without init value) has a constant value of 0 in block <datapath>. This FF/Latch will be trimmed during the optimization process.
WARNING:Xst:1895 - Due to other FF/Latch trimming, FF/Latch <matrix_res_8_7> (without init value) has a constant value of 0 in block <datapath>. This FF/Latch will be trimmed during the optimization process.
WARNING:Xst:1895 - Due to other FF/Latch trimming, FF/Latch <matrix_res_8_6> (without init value) has a constant value of 0 in block <datapath>. This FF/Latch will be trimmed during the optimization process.
WARNING:Xst:1895 - Due to other FF/Latch trimming, FF/Latch <matrix_res_8_5> (without init value) has a constant value of 0 in block <datapath>. This FF/Latch will be trimmed during the optimization process.
WARNING:Xst:1895 - Due to other FF/Latch trimming, FF/Latch <matrix_res_8_4> (without init value) has a constant value of 0 in block <datapath>. This FF/Latch will be trimmed during the optimization process.
WARNING:Xst:1895 - Due to other FF/Latch trimming, FF/Latch <matrix_res_8_3> (without init value) has a constant value of 0 in block <datapath>. This FF/Latch will be trimmed during the optimization process.
WARNING:Xst:1895 - Due to other FF/Latch trimming, FF/Latch <matrix_res_8_2> (without init value) has a constant value of 0 in block <datapath>. This FF/Latch will be trimmed during the optimization process.
WARNING:Xst:1895 - Due to other FF/Latch trimming, FF/Latch <matrix_res_8_1> (without init value) has a constant value of 0 in block <datapath>. This FF/Latch will be trimmed during the optimization process.
WARNING:Xst:1895 - Due to other FF/Latch trimming, FF/Latch <matrix_res_8_0> (without init value) has a constant value of 0 in block <datapath>. This FF/Latch will be trimmed during the optimization process.
WARNING:Xst:1895 - Due to other FF/Latch trimming, FF/Latch <matrix_res_8_35> (without init value) has a constant value of 0 in block <datapath>. This FF/Latch will be trimmed during the optimization process.
WARNING:Xst:1895 - Due to other FF/Latch trimming, FF/Latch <matrix_res_8_34> (without init value) has a constant value of 0 in block <datapath>. This FF/Latch will be trimmed during the optimization process.
WARNING:Xst:1895 - Due to other FF/Latch trimming, FF/Latch <matrix_res_8_33> (without init value) has a constant value of 0 in block <datapath>. This FF/Latch will be trimmed during the optimization process.
WARNING:Xst:1895 - Due to other FF/Latch trimming, FF/Latch <matrix_res_8_32> (without init value) has a constant value of 0 in block <datapath>. This FF/Latch will be trimmed during the optimization process.
WARNING:Xst:1895 - Due to other FF/Latch trimming, FF/Latch <matrix_res_8_31> (without init value) has a constant value of 0 in block <datapath>. This FF/Latch will be trimmed during the optimization process.
WARNING:Xst:1895 - Due to other FF/Latch trimming, FF/Latch <matrix_res_8_30> (without init value) has a constant value of 0 in block <datapath>. This FF/Latch will be trimmed during the optimization process.
WARNING:Xst:1895 - Due to other FF/Latch trimming, FF/Latch <matrix_res_8_29> (without init value) has a constant value of 0 in block <datapath>. This FF/Latch will be trimmed during the optimization process.
WARNING:Xst:1895 - Due to other FF/Latch trimming, FF/Latch <matrix_res_8_28> (without init value) has a constant value of 0 in block <datapath>. This FF/Latch will be trimmed during the optimization process.
WARNING:Xst:1895 - Due to other FF/Latch trimming, FF/Latch <matrix_res_8_27> (without init value) has a constant value of 0 in block <datapath>. This FF/Latch will be trimmed during the optimization process.
WARNING:Xst:1895 - Due to other FF/Latch trimming, FF/Latch <matrix_res_8_26> (without init value) has a constant value of 0 in block <datapath>. This FF/Latch will be trimmed during the optimization process.
WARNING:Xst:1895 - Due to other FF/Latch trimming, FF/Latch <matrix_res_8_25> (without init value) has a constant value of 0 in block <datapath>. This FF/Latch will be trimmed during the optimization process.
WARNING:Xst:1895 - Due to other FF/Latch trimming, FF/Latch <matrix_res_8_24> (without init value) has a constant value of 0 in block <datapath>. This FF/Latch will be trimmed during the optimization process.
WARNING:Xst:1895 - Due to other FF/Latch trimming, FF/Latch <matrix_res_8_23> (without init value) has a constant value of 0 in block <datapath>. This FF/Latch will be trimmed during the optimization process.
WARNING:Xst:1895 - Due to other FF/Latch trimming, FF/Latch <matrix_res_8_22> (without init value) has a constant value of 0 in block <datapath>. This FF/Latch will be trimmed during the optimization process.
WARNING:Xst:1895 - Due to other FF/Latch trimming, FF/Latch <matrix_res_8_21> (without init value) has a constant value of 0 in block <datapath>. This FF/Latch will be trimmed during the optimization process.
WARNING:Xst:1895 - Due to other FF/Latch trimming, FF/Latch <matrix_res_8_20> (without init value) has a constant value of 0 in block <datapath>. This FF/Latch will be trimmed during the optimization process.
WARNING:Xst:1895 - Due to other FF/Latch trimming, FF/Latch <matrix_res_8_19> (without init value) has a constant value of 0 in block <datapath>. This FF/Latch will be trimmed during the optimization process.
WARNING:Xst:1895 - Due to other FF/Latch trimming, FF/Latch <matrix_res_8_18> (without init value) has a constant value of 0 in block <datapath>. This FF/Latch will be trimmed during the optimization process.
WARNING:Xst:1895 - Due to other FF/Latch trimming, FF/Latch <matrix_res_8_125> (without init value) has a constant value of 0 in block <datapath>. This FF/Latch will be trimmed during the optimization process.
WARNING:Xst:1895 - Due to other FF/Latch trimming, FF/Latch <matrix_res_8_124> (without init value) has a constant value of 0 in block <datapath>. This FF/Latch will be trimmed during the optimization process.
WARNING:Xst:1895 - Due to other FF/Latch trimming, FF/Latch <matrix_res_8_123> (without init value) has a constant value of 0 in block <datapath>. This FF/Latch will be trimmed during the optimization process.
WARNING:Xst:1895 - Due to other FF/Latch trimming, FF/Latch <matrix_res_8_122> (without init value) has a constant value of 0 in block <datapath>. This FF/Latch will be trimmed during the optimization process.
WARNING:Xst:1895 - Due to other FF/Latch trimming, FF/Latch <matrix_res_8_121> (without init value) has a constant value of 0 in block <datapath>. This FF/Latch will be trimmed during the optimization process.
WARNING:Xst:1895 - Due to other FF/Latch trimming, FF/Latch <matrix_res_8_120> (without init value) has a constant value of 0 in block <datapath>. This FF/Latch will be trimmed during the optimization process.
WARNING:Xst:1895 - Due to other FF/Latch trimming, FF/Latch <matrix_res_8_119> (without init value) has a constant value of 0 in block <datapath>. This FF/Latch will be trimmed during the optimization process.
WARNING:Xst:1895 - Due to other FF/Latch trimming, FF/Latch <matrix_res_8_118> (without init value) has a constant value of 0 in block <datapath>. This FF/Latch will be trimmed during the optimization process.
WARNING:Xst:1895 - Due to other FF/Latch trimming, FF/Latch <matrix_res_8_117> (without init value) has a constant value of 0 in block <datapath>. This FF/Latch will be trimmed during the optimization process.
WARNING:Xst:1895 - Due to other FF/Latch trimming, FF/Latch <matrix_res_8_116> (without init value) has a constant value of 0 in block <datapath>. This FF/Latch will be trimmed during the optimization process.
WARNING:Xst:1895 - Due to other FF/Latch trimming, FF/Latch <matrix_res_8_115> (without init value) has a constant value of 0 in block <datapath>. This FF/Latch will be trimmed during the optimization process.
WARNING:Xst:1895 - Due to other FF/Latch trimming, FF/Latch <matrix_res_8_114> (without init value) has a constant value of 0 in block <datapath>. This FF/Latch will be trimmed during the optimization process.
WARNING:Xst:1895 - Due to other FF/Latch trimming, FF/Latch <matrix_res_8_113> (without init value) has a constant value of 0 in block <datapath>. This FF/Latch will be trimmed during the optimization process.
WARNING:Xst:1895 - Due to other FF/Latch trimming, FF/Latch <matrix_res_8_112> (without init value) has a constant value of 0 in block <datapath>. This FF/Latch will be trimmed during the optimization process.
WARNING:Xst:1895 - Due to other FF/Latch trimming, FF/Latch <matrix_res_8_111> (without init value) has a constant value of 0 in block <datapath>. This FF/Latch will be trimmed during the optimization process.
WARNING:Xst:1895 - Due to other FF/Latch trimming, FF/Latch <matrix_res_8_110> (without init value) has a constant value of 0 in block <datapath>. This FF/Latch will be trimmed during the optimization process.
WARNING:Xst:1895 - Due to other FF/Latch trimming, FF/Latch <matrix_res_8_109> (without init value) has a constant value of 0 in block <datapath>. This FF/Latch will be trimmed during the optimization process.
WARNING:Xst:1895 - Due to other FF/Latch trimming, FF/Latch <matrix_res_8_108> (without init value) has a constant value of 0 in block <datapath>. This FF/Latch will be trimmed during the optimization process.
WARNING:Xst:1895 - Due to other FF/Latch trimming, FF/Latch <matrix_res_8_143> (without init value) has a constant value of 0 in block <datapath>. This FF/Latch will be trimmed during the optimization process.
WARNING:Xst:1895 - Due to other FF/Latch trimming, FF/Latch <matrix_res_8_142> (without init value) has a constant value of 0 in block <datapath>. This FF/Latch will be trimmed during the optimization process.
WARNING:Xst:1895 - Due to other FF/Latch trimming, FF/Latch <matrix_res_8_141> (without init value) has a constant value of 0 in block <datapath>. This FF/Latch will be trimmed during the optimization process.
WARNING:Xst:1895 - Due to other FF/Latch trimming, FF/Latch <matrix_res_8_140> (without init value) has a constant value of 0 in block <datapath>. This FF/Latch will be trimmed during the optimization process.
WARNING:Xst:1895 - Due to other FF/Latch trimming, FF/Latch <matrix_res_8_139> (without init value) has a constant value of 0 in block <datapath>. This FF/Latch will be trimmed during the optimization process.
WARNING:Xst:1895 - Due to other FF/Latch trimming, FF/Latch <matrix_res_8_138> (without init value) has a constant value of 0 in block <datapath>. This FF/Latch will be trimmed during the optimization process.
WARNING:Xst:1895 - Due to other FF/Latch trimming, FF/Latch <matrix_res_8_137> (without init value) has a constant value of 0 in block <datapath>. This FF/Latch will be trimmed during the optimization process.
WARNING:Xst:1895 - Due to other FF/Latch trimming, FF/Latch <matrix_res_8_136> (without init value) has a constant value of 0 in block <datapath>. This FF/Latch will be trimmed during the optimization process.
WARNING:Xst:1895 - Due to other FF/Latch trimming, FF/Latch <matrix_res_8_135> (without init value) has a constant value of 0 in block <datapath>. This FF/Latch will be trimmed during the optimization process.
WARNING:Xst:1895 - Due to other FF/Latch trimming, FF/Latch <matrix_res_8_134> (without init value) has a constant value of 0 in block <datapath>. This FF/Latch will be trimmed during the optimization process.
WARNING:Xst:1895 - Due to other FF/Latch trimming, FF/Latch <matrix_res_8_133> (without init value) has a constant value of 0 in block <datapath>. This FF/Latch will be trimmed during the optimization process.
WARNING:Xst:1895 - Due to other FF/Latch trimming, FF/Latch <matrix_res_8_132> (without init value) has a constant value of 0 in block <datapath>. This FF/Latch will be trimmed during the optimization process.
WARNING:Xst:1895 - Due to other FF/Latch trimming, FF/Latch <matrix_res_8_131> (without init value) has a constant value of 0 in block <datapath>. This FF/Latch will be trimmed during the optimization process.
WARNING:Xst:1895 - Due to other FF/Latch trimming, FF/Latch <matrix_res_8_130> (without init value) has a constant value of 0 in block <datapath>. This FF/Latch will be trimmed during the optimization process.
WARNING:Xst:1895 - Due to other FF/Latch trimming, FF/Latch <matrix_res_8_129> (without init value) has a constant value of 0 in block <datapath>. This FF/Latch will be trimmed during the optimization process.
WARNING:Xst:1895 - Due to other FF/Latch trimming, FF/Latch <matrix_res_8_128> (without init value) has a constant value of 0 in block <datapath>. This FF/Latch will be trimmed during the optimization process.
WARNING:Xst:1895 - Due to other FF/Latch trimming, FF/Latch <matrix_res_8_127> (without init value) has a constant value of 0 in block <datapath>. This FF/Latch will be trimmed during the optimization process.
WARNING:Xst:1895 - Due to other FF/Latch trimming, FF/Latch <matrix_res_8_126> (without init value) has a constant value of 0 in block <datapath>. This FF/Latch will be trimmed during the optimization process.
WARNING:Xst:1895 - Due to other FF/Latch trimming, FF/Latch <matrix_res_8_89> (without init value) has a constant value of 0 in block <datapath>. This FF/Latch will be trimmed during the optimization process.
WARNING:Xst:1895 - Due to other FF/Latch trimming, FF/Latch <matrix_res_8_88> (without init value) has a constant value of 0 in block <datapath>. This FF/Latch will be trimmed during the optimization process.
WARNING:Xst:1895 - Due to other FF/Latch trimming, FF/Latch <matrix_res_8_87> (without init value) has a constant value of 0 in block <datapath>. This FF/Latch will be trimmed during the optimization process.
WARNING:Xst:1895 - Due to other FF/Latch trimming, FF/Latch <matrix_res_8_86> (without init value) has a constant value of 0 in block <datapath>. This FF/Latch will be trimmed during the optimization process.
WARNING:Xst:1895 - Due to other FF/Latch trimming, FF/Latch <matrix_res_8_85> (without init value) has a constant value of 0 in block <datapath>. This FF/Latch will be trimmed during the optimization process.
WARNING:Xst:1895 - Due to other FF/Latch trimming, FF/Latch <matrix_res_8_84> (without init value) has a constant value of 0 in block <datapath>. This FF/Latch will be trimmed during the optimization process.
WARNING:Xst:1895 - Due to other FF/Latch trimming, FF/Latch <matrix_res_8_83> (without init value) has a constant value of 0 in block <datapath>. This FF/Latch will be trimmed during the optimization process.
WARNING:Xst:1895 - Due to other FF/Latch trimming, FF/Latch <matrix_res_8_82> (without init value) has a constant value of 0 in block <datapath>. This FF/Latch will be trimmed during the optimization process.
WARNING:Xst:1895 - Due to other FF/Latch trimming, FF/Latch <matrix_res_8_81> (without init value) has a constant value of 0 in block <datapath>. This FF/Latch will be trimmed during the optimization process.
WARNING:Xst:1895 - Due to other FF/Latch trimming, FF/Latch <matrix_res_8_80> (without init value) has a constant value of 0 in block <datapath>. This FF/Latch will be trimmed during the optimization process.
WARNING:Xst:1895 - Due to other FF/Latch trimming, FF/Latch <matrix_res_8_79> (without init value) has a constant value of 0 in block <datapath>. This FF/Latch will be trimmed during the optimization process.
WARNING:Xst:1895 - Due to other FF/Latch trimming, FF/Latch <matrix_res_8_78> (without init value) has a constant value of 0 in block <datapath>. This FF/Latch will be trimmed during the optimization process.
WARNING:Xst:1895 - Due to other FF/Latch trimming, FF/Latch <matrix_res_8_77> (without init value) has a constant value of 0 in block <datapath>. This FF/Latch will be trimmed during the optimization process.
WARNING:Xst:1895 - Due to other FF/Latch trimming, FF/Latch <matrix_res_8_76> (without init value) has a constant value of 0 in block <datapath>. This FF/Latch will be trimmed during the optimization process.
WARNING:Xst:1895 - Due to other FF/Latch trimming, FF/Latch <matrix_res_8_75> (without init value) has a constant value of 0 in block <datapath>. This FF/Latch will be trimmed during the optimization process.
WARNING:Xst:1895 - Due to other FF/Latch trimming, FF/Latch <matrix_res_8_74> (without init value) has a constant value of 0 in block <datapath>. This FF/Latch will be trimmed during the optimization process.
WARNING:Xst:1895 - Due to other FF/Latch trimming, FF/Latch <matrix_res_8_73> (without init value) has a constant value of 0 in block <datapath>. This FF/Latch will be trimmed during the optimization process.
WARNING:Xst:1895 - Due to other FF/Latch trimming, FF/Latch <matrix_res_8_72> (without init value) has a constant value of 0 in block <datapath>. This FF/Latch will be trimmed during the optimization process.
WARNING:Xst:1895 - Due to other FF/Latch trimming, FF/Latch <matrix_res_8_107> (without init value) has a constant value of 0 in block <datapath>. This FF/Latch will be trimmed during the optimization process.
WARNING:Xst:1895 - Due to other FF/Latch trimming, FF/Latch <matrix_res_8_106> (without init value) has a constant value of 0 in block <datapath>. This FF/Latch will be trimmed during the optimization process.
WARNING:Xst:1895 - Due to other FF/Latch trimming, FF/Latch <matrix_res_8_105> (without init value) has a constant value of 0 in block <datapath>. This FF/Latch will be trimmed during the optimization process.
WARNING:Xst:1895 - Due to other FF/Latch trimming, FF/Latch <matrix_res_8_104> (without init value) has a constant value of 0 in block <datapath>. This FF/Latch will be trimmed during the optimization process.
WARNING:Xst:1895 - Due to other FF/Latch trimming, FF/Latch <matrix_res_8_103> (without init value) has a constant value of 0 in block <datapath>. This FF/Latch will be trimmed during the optimization process.
WARNING:Xst:1895 - Due to other FF/Latch trimming, FF/Latch <matrix_res_8_102> (without init value) has a constant value of 0 in block <datapath>. This FF/Latch will be trimmed during the optimization process.
WARNING:Xst:1895 - Due to other FF/Latch trimming, FF/Latch <matrix_res_8_101> (without init value) has a constant value of 0 in block <datapath>. This FF/Latch will be trimmed during the optimization process.
WARNING:Xst:1895 - Due to other FF/Latch trimming, FF/Latch <matrix_res_8_100> (without init value) has a constant value of 0 in block <datapath>. This FF/Latch will be trimmed during the optimization process.
WARNING:Xst:1895 - Due to other FF/Latch trimming, FF/Latch <matrix_res_8_99> (without init value) has a constant value of 0 in block <datapath>. This FF/Latch will be trimmed during the optimization process.
WARNING:Xst:1895 - Due to other FF/Latch trimming, FF/Latch <matrix_res_8_98> (without init value) has a constant value of 0 in block <datapath>. This FF/Latch will be trimmed during the optimization process.
WARNING:Xst:1895 - Due to other FF/Latch trimming, FF/Latch <matrix_res_8_97> (without init value) has a constant value of 0 in block <datapath>. This FF/Latch will be trimmed during the optimization process.
WARNING:Xst:1895 - Due to other FF/Latch trimming, FF/Latch <matrix_res_8_96> (without init value) has a constant value of 0 in block <datapath>. This FF/Latch will be trimmed during the optimization process.
WARNING:Xst:1895 - Due to other FF/Latch trimming, FF/Latch <matrix_res_8_95> (without init value) has a constant value of 0 in block <datapath>. This FF/Latch will be trimmed during the optimization process.
WARNING:Xst:1895 - Due to other FF/Latch trimming, FF/Latch <matrix_res_8_94> (without init value) has a constant value of 0 in block <datapath>. This FF/Latch will be trimmed during the optimization process.
WARNING:Xst:1895 - Due to other FF/Latch trimming, FF/Latch <matrix_res_8_93> (without init value) has a constant value of 0 in block <datapath>. This FF/Latch will be trimmed during the optimization process.
WARNING:Xst:1895 - Due to other FF/Latch trimming, FF/Latch <matrix_res_8_92> (without init value) has a constant value of 0 in block <datapath>. This FF/Latch will be trimmed during the optimization process.
WARNING:Xst:1895 - Due to other FF/Latch trimming, FF/Latch <matrix_res_8_91> (without init value) has a constant value of 0 in block <datapath>. This FF/Latch will be trimmed during the optimization process.
WARNING:Xst:1895 - Due to other FF/Latch trimming, FF/Latch <matrix_res_8_90> (without init value) has a constant value of 0 in block <datapath>. This FF/Latch will be trimmed during the optimization process.
WARNING:Xst:2677 - Node <index_0> of sequential type is unconnected in block <datapath>.
WARNING:Xst:2677 - Node <index_1> of sequential type is unconnected in block <datapath>.
WARNING:Xst:2677 - Node <index_2> of sequential type is unconnected in block <datapath>.
WARNING:Xst:2677 - Node <index_3> of sequential type is unconnected in block <datapath>.
WARNING:Xst:2677 - Node <index_4> of sequential type is unconnected in block <datapath>.
WARNING:Xst:2677 - Node <index_5> of sequential type is unconnected in block <datapath>.
WARNING:Xst:2677 - Node <index_6> of sequential type is unconnected in block <datapath>.
WARNING:Xst:2677 - Node <index_7> of sequential type is unconnected in block <datapath>.
WARNING:Xst:2677 - Node <index_8> of sequential type is unconnected in block <datapath>.
WARNING:Xst:2677 - Node <index_9> of sequential type is unconnected in block <datapath>.
WARNING:Xst:2677 - Node <index_10> of sequential type is unconnected in block <datapath>.
WARNING:Xst:2677 - Node <index_11> of sequential type is unconnected in block <datapath>.
WARNING:Xst:2677 - Node <index_12> of sequential type is unconnected in block <datapath>.
WARNING:Xst:2677 - Node <index_13> of sequential type is unconnected in block <datapath>.
WARNING:Xst:2677 - Node <index_14> of sequential type is unconnected in block <datapath>.
WARNING:Xst:2677 - Node <index_15> of sequential type is unconnected in block <datapath>.
WARNING:Xst:2677 - Node <index_16> of sequential type is unconnected in block <datapath>.
WARNING:Xst:2677 - Node <index_17> of sequential type is unconnected in block <datapath>.
WARNING:Xst:2677 - Node <index_18> of sequential type is unconnected in block <datapath>.
WARNING:Xst:2677 - Node <index_19> of sequential type is unconnected in block <datapath>.
WARNING:Xst:2677 - Node <index_20> of sequential type is unconnected in block <datapath>.
WARNING:Xst:2677 - Node <index_21> of sequential type is unconnected in block <datapath>.
WARNING:Xst:2677 - Node <index_22> of sequential type is unconnected in block <datapath>.
WARNING:Xst:2677 - Node <index_23> of sequential type is unconnected in block <datapath>.
WARNING:Xst:2677 - Node <index_24> of sequential type is unconnected in block <datapath>.
WARNING:Xst:2677 - Node <index_25> of sequential type is unconnected in block <datapath>.
WARNING:Xst:2677 - Node <index_26> of sequential type is unconnected in block <datapath>.
WARNING:Xst:2677 - Node <index_27> of sequential type is unconnected in block <datapath>.
WARNING:Xst:2677 - Node <index_28> of sequential type is unconnected in block <datapath>.
WARNING:Xst:2677 - Node <index_29> of sequential type is unconnected in block <datapath>.
WARNING:Xst:2677 - Node <index_30> of sequential type is unconnected in block <datapath>.
WARNING:Xst:2677 - Node <index_31> of sequential type is unconnected in block <datapath>.
WARNING:Xst:1293 - FF/Latch <i_31> has a constant value of 0 in block <datapath>. This FF/Latch will be trimmed during the optimization process.
WARNING:Xst:1896 - Due to other FF/Latch trimming, FF/Latch <i_30> has a constant value of 0 in block <datapath>. This FF/Latch will be trimmed during the optimization process.
WARNING:Xst:1896 - Due to other FF/Latch trimming, FF/Latch <i_29> has a constant value of 0 in block <datapath>. This FF/Latch will be trimmed during the optimization process.
WARNING:Xst:1896 - Due to other FF/Latch trimming, FF/Latch <i_28> has a constant value of 0 in block <datapath>. This FF/Latch will be trimmed during the optimization process.
WARNING:Xst:1896 - Due to other FF/Latch trimming, FF/Latch <i_27> has a constant value of 0 in block <datapath>. This FF/Latch will be trimmed during the optimization process.
WARNING:Xst:1896 - Due to other FF/Latch trimming, FF/Latch <i_26> has a constant value of 0 in block <datapath>. This FF/Latch will be trimmed during the optimization process.
WARNING:Xst:1896 - Due to other FF/Latch trimming, FF/Latch <i_25> has a constant value of 0 in block <datapath>. This FF/Latch will be trimmed during the optimization process.
WARNING:Xst:1896 - Due to other FF/Latch trimming, FF/Latch <i_24> has a constant value of 0 in block <datapath>. This FF/Latch will be trimmed during the optimization process.
WARNING:Xst:1896 - Due to other FF/Latch trimming, FF/Latch <i_23> has a constant value of 0 in block <datapath>. This FF/Latch will be trimmed during the optimization process.
WARNING:Xst:1896 - Due to other FF/Latch trimming, FF/Latch <i_22> has a constant value of 0 in block <datapath>. This FF/Latch will be trimmed during the optimization process.
WARNING:Xst:1896 - Due to other FF/Latch trimming, FF/Latch <i_21> has a constant value of 0 in block <datapath>. This FF/Latch will be trimmed during the optimization process.
WARNING:Xst:1896 - Due to other FF/Latch trimming, FF/Latch <i_20> has a constant value of 0 in block <datapath>. This FF/Latch will be trimmed during the optimization process.
WARNING:Xst:1896 - Due to other FF/Latch trimming, FF/Latch <i_19> has a constant value of 0 in block <datapath>. This FF/Latch will be trimmed during the optimization process.
WARNING:Xst:1896 - Due to other FF/Latch trimming, FF/Latch <i_18> has a constant value of 0 in block <datapath>. This FF/Latch will be trimmed during the optimization process.
WARNING:Xst:1896 - Due to other FF/Latch trimming, FF/Latch <i_17> has a constant value of 0 in block <datapath>. This FF/Latch will be trimmed during the optimization process.
WARNING:Xst:1896 - Due to other FF/Latch trimming, FF/Latch <i_16> has a constant value of 0 in block <datapath>. This FF/Latch will be trimmed during the optimization process.
WARNING:Xst:1896 - Due to other FF/Latch trimming, FF/Latch <i_15> has a constant value of 0 in block <datapath>. This FF/Latch will be trimmed during the optimization process.
WARNING:Xst:1896 - Due to other FF/Latch trimming, FF/Latch <i_14> has a constant value of 0 in block <datapath>. This FF/Latch will be trimmed during the optimization process.
WARNING:Xst:1896 - Due to other FF/Latch trimming, FF/Latch <i_13> has a constant value of 0 in block <datapath>. This FF/Latch will be trimmed during the optimization process.
WARNING:Xst:1896 - Due to other FF/Latch trimming, FF/Latch <i_12> has a constant value of 0 in block <datapath>. This FF/Latch will be trimmed during the optimization process.
WARNING:Xst:1896 - Due to other FF/Latch trimming, FF/Latch <i_11> has a constant value of 0 in block <datapath>. This FF/Latch will be trimmed during the optimization process.
WARNING:Xst:1896 - Due to other FF/Latch trimming, FF/Latch <i_10> has a constant value of 0 in block <datapath>. This FF/Latch will be trimmed during the optimization process.
WARNING:Xst:1896 - Due to other FF/Latch trimming, FF/Latch <i_9> has a constant value of 0 in block <datapath>. This FF/Latch will be trimmed during the optimization process.
WARNING:Xst:1896 - Due to other FF/Latch trimming, FF/Latch <i_8> has a constant value of 0 in block <datapath>. This FF/Latch will be trimmed during the optimization process.
WARNING:Xst:1896 - Due to other FF/Latch trimming, FF/Latch <i_7> has a constant value of 0 in block <datapath>. This FF/Latch will be trimmed during the optimization process.
WARNING:Xst:1896 - Due to other FF/Latch trimming, FF/Latch <i_6> has a constant value of 0 in block <datapath>. This FF/Latch will be trimmed during the optimization process.
WARNING:Xst:1896 - Due to other FF/Latch trimming, FF/Latch <i_5> has a constant value of 0 in block <datapath>. This FF/Latch will be trimmed during the optimization process.
WARNING:Xst:1896 - Due to other FF/Latch trimming, FF/Latch <i_4> has a constant value of 0 in block <datapath>. This FF/Latch will be trimmed during the optimization process.
WARNING:Xst:1896 - Due to other FF/Latch trimming, FF/Latch <i_3> has a constant value of 0 in block <datapath>. This FF/Latch will be trimmed during the optimization process.
WARNING:Xst:1896 - Due to other FF/Latch trimming, FF/Latch <i_2> has a constant value of 0 in block <datapath>. This FF/Latch will be trimmed during the optimization process.

Mapping all equations...
Building and optimizing final netlist ...
Found area constraint ratio of 100 (+ 5) on block datapath, actual ratio is 1.

Final Macro Processing ...

=========================================================================
Final Register Report

Macro Statistics
# Registers                                            : 35
 Flip-Flops                                            : 35

=========================================================================

=========================================================================
*                           Partition Report                            *
=========================================================================

Partition Implementation Status
-------------------------------

  No Partitions were found in this design.

-------------------------------

=========================================================================
*                            Design Summary                             *
=========================================================================

Top Level Output File Name         : datapath.ngc

Primitive and Black Box Usage:
------------------------------
# BELS                             : 204
#      GND                         : 1
#      INV                         : 4
#      LUT1                        : 32
#      LUT2                        : 1
#      LUT3                        : 1
#      LUT4                        : 3
#      LUT5                        : 51
#      LUT6                        : 20
#      MUXCY                       : 55
#      VCC                         : 1
#      XORCY                       : 35
# FlipFlops/Latches                : 35
#      FD                          : 1
#      FDE                         : 34
# Clock Buffers                    : 1
#      BUFGP                       : 1
# IO Buffers                       : 290
#      IBUF                        : 1
#      OBUF                        : 289

Device utilization summary:
---------------------------

Selected Device : 6slx16csg324-3 


Slice Logic Utilization: 
 Number of Slice Registers:              35  out of  18224     0%  
 Number of Slice LUTs:                  112  out of   9112     1%  
    Number used as Logic:               112  out of   9112     1%  

Slice Logic Distribution: 
 Number of LUT Flip Flop pairs used:    113
   Number with an unused Flip Flop:      78  out of    113    69%  
   Number with an unused LUT:             1  out of    113     0%  
   Number of fully used LUT-FF pairs:    34  out of    113    30%  
   Number of unique control sets:         2

IO Utilization: 
 Number of IOs:                         294
 Number of bonded IOBs:                 291  out of    232   125% (*) 

Specific Feature Utilization:
 Number of BUFG/BUFGCTRL/BUFHCEs:         1  out of     16     6%  

WARNING:Xst:1336 -  (*) More than 100% of Device resources are used

---------------------------
Partition Resource Summary:
---------------------------

  No Partitions were found in this design.

---------------------------


=========================================================================
Timing Report

NOTE: THESE TIMING NUMBERS ARE ONLY A SYNTHESIS ESTIMATE.
      FOR ACCURATE TIMING INFORMATION PLEASE REFER TO THE TRACE REPORT
      GENERATED AFTER PLACE-and-ROUTE.

Clock Information:
------------------
-----------------------------------+------------------------+-------+
Clock Signal                       | Clock buffer(FF name)  | Load  |
-----------------------------------+------------------------+-------+
clk                                | BUFGP                  | 35    |
-----------------------------------+------------------------+-------+

Asynchronous Control Signals Information:
----------------------------------------
No asynchronous control signals found in this design

Timing Summary:
---------------
Speed Grade: -3

   Minimum period: 5.039ns (Maximum Frequency: 198.464MHz)
   Minimum input arrival time before clock: 5.276ns
   Maximum output required time after clock: 3.634ns
   Maximum combinational path delay: No path found

Timing Details:
---------------
All values displayed in nanoseconds (ns)

=========================================================================
Timing constraint: Default period analysis for Clock 'clk'
  Clock period: 5.039ns (frequency: 198.464MHz)
  Total number of paths / destination ports: 5074 / 35
-------------------------------------------------------------------------
Delay:               5.039ns (Levels of Logic = 6)
  Source:            j_30 (FF)
  Destination:       Result_calculated (FF)
  Source Clock:      clk rising
  Destination Clock: clk rising

  Data Path: j_30 to Result_calculated
                                Gate     Net
    Cell:in->out      fanout   Delay   Delay  Logical Name (Net Name)
    ----------------------------------------  ------------
     FDE:C->Q              6   0.447   1.089  j_30 (j_30)
     LUT6:I1->O            3   0.203   0.995  j[31]_i[31]_AND_1_o2 (j[31]_i[31]_AND_1_o2)
     LUT6:I1->O            1   0.203   0.580  j[31]_i[31]_AND_1_o7_1 (j[31]_i[31]_AND_1_o7)
     LUT6:I5->O            1   0.205   0.580  _n0182_wg_lut<6>_SW4 (N25)
     LUT6:I5->O            1   0.205   0.000  _n0182_wg_lut<6> (_n0182_wg_lut<6>)
     MUXCY:S->O            1   0.172   0.000  _n0182_wg_cy<6> (_n0182)
     MUXCY:CI->O           1   0.258   0.000  Result_calculated_glue_set_cy (Result_calculated_glue_set)
     FD:D                      0.102          Result_calculated
    ----------------------------------------
    Total                      5.039ns (1.795ns logic, 3.244ns route)
                                       (35.6% logic, 64.4% route)

=========================================================================
Timing constraint: Default OFFSET IN BEFORE for Clock 'clk'
  Total number of paths / destination ports: 38 / 35
-------------------------------------------------------------------------
Offset:              5.276ns (Levels of Logic = 6)
  Source:            START_MAC (PAD)
  Destination:       Result_calculated (FF)
  Destination Clock: clk rising

  Data Path: START_MAC to Result_calculated
                                Gate     Net
    Cell:in->out      fanout   Delay   Delay  Logical Name (Net Name)
    ----------------------------------------  ------------
     IBUF:I->O            37   1.222   1.467  START_MAC_IBUF (START_MAC_IBUF)
     LUT4:I2->O            2   0.203   0.864  _n0182_wg_lut<6>_SW1 (N21)
     LUT6:I2->O            1   0.203   0.580  _n0182_wg_lut<6>_SW4 (N25)
     LUT6:I5->O            1   0.205   0.000  _n0182_wg_lut<6> (_n0182_wg_lut<6>)
     MUXCY:S->O            1   0.172   0.000  _n0182_wg_cy<6> (_n0182)
     MUXCY:CI->O           1   0.258   0.000  Result_calculated_glue_set_cy (Result_calculated_glue_set)
     FD:D                      0.102          Result_calculated
    ----------------------------------------
    Total                      5.276ns (2.365ns logic, 2.911ns route)
                                       (44.8% logic, 55.2% route)

=========================================================================
Timing constraint: Default OFFSET OUT AFTER for Clock 'clk'
  Total number of paths / destination ports: 1 / 1
-------------------------------------------------------------------------
Offset:              3.634ns (Levels of Logic = 1)
  Source:            Result_calculated (FF)
  Destination:       Result_calculated (PAD)
  Source Clock:      clk rising

  Data Path: Result_calculated to Result_calculated
                                Gate     Net
    Cell:in->out      fanout   Delay   Delay  Logical Name (Net Name)
    ----------------------------------------  ------------
     FD:C->Q               2   0.447   0.616  Result_calculated (Result_calculated_OBUF)
     OBUF:I->O                 2.571          Result_calculated_OBUF (Result_calculated)
    ----------------------------------------
    Total                      3.634ns (3.018ns logic, 0.616ns route)
                                       (83.0% logic, 17.0% route)

=========================================================================

Cross Clock Domains Report:
--------------------------

Clock to Setup on destination clock clk
---------------+---------+---------+---------+---------+
               | Src:Rise| Src:Fall| Src:Rise| Src:Fall|
Source Clock   |Dest:Rise|Dest:Rise|Dest:Fall|Dest:Fall|
---------------+---------+---------+---------+---------+
clk            |    5.039|         |         |         |
---------------+---------+---------+---------+---------+

=========================================================================


Total REAL time to Xst completion: 5.00 secs
Total CPU time to Xst completion: 5.19 secs
 
--> 

Total memory usage is 4502112 kilobytes

Number of errors   :    0 (   0 filtered)
Number of warnings :  354 (   0 filtered)
Number of infos    :    1 (   0 filtered)

